\BOOKMARK [0][-]{chapter*.1}{\376\377\000D\000\351\000d\000i\000c\000a\000c\000e\000s}{}% 1
\BOOKMARK [0][-]{chapter*.2}{\376\377\000R\000e\000m\000e\000r\000c\000i\000e\000m\000e\000n\000t\000s}{}% 2
\BOOKMARK [0][-]{chapter*.3}{\376\377\000R\000\351\000s\000u\000m\000\351}{}% 3
\BOOKMARK [0][-]{chapter*.4}{\376\377\000S\000u\000m\000m\000a\000r\000y}{}% 4
\BOOKMARK [0][-]{chapter*.5}{\376\377\000A\000r\000a\000b\000i\000c\000\040\000A\000b\000s\000t\000r\000a\000c\000t}{}% 5
\BOOKMARK [0][-]{chapter*.6}{\376\377\000L\000i\000s\000t\000\040\000o\000f\000\040\000F\000i\000g\000u\000r\000e\000s}{}% 6
\BOOKMARK [0][-]{chapter*.7}{\376\377\000L\000i\000s\000t\000\040\000o\000f\000\040\000T\000a\000b\000l\000e\000s}{}% 7
\BOOKMARK [0][-]{chapter*.8}{\376\377\000L\000i\000s\000t\000\040\000o\000f\000\040\000L\000i\000s\000t\000i\000n\000g\000s}{}% 8
\BOOKMARK [0][-]{chapter*.9}{\376\377\000T\000a\000b\000l\000e\000\040\000o\000f\000\040\000C\000o\000n\000t\000e\000n\000t\000s}{}% 9
\BOOKMARK [0][-]{chapter.1}{\376\377\000G\000e\000n\000e\000r\000a\000l\000\040\000P\000r\000o\000j\000e\000c\000t\000\040\000C\000o\000n\000t\000e\000x\000t}{}% 10
\BOOKMARK [1][-]{section.1.1}{\376\377\000R\000E\000A\000D\000\137\000M\000E}{chapter.1}% 11
\BOOKMARK [2][-]{subsection.1.1.1}{\376\377\000C\000o\000d\000e\000s\000\137\000N\000e\000e\000d\000e\000d}{section.1.1}% 12
\BOOKMARK [3][-]{subsubsection.1.1.1.1}{\376\377\000T\000e\000x\000t\000\040\000f\000o\000r\000m\000a\000t\000t\000i\000n\000g}{subsection.1.1.1}% 13
\BOOKMARK [3][-]{subsubsection.1.1.1.2}{\376\377\000F\000i\000g\000u\000r\000e\000s}{subsection.1.1.1}% 14
\BOOKMARK [3][-]{subsubsection.1.1.1.3}{\376\377\000T\000a\000b\000l\000e\000s}{subsection.1.1.1}% 15
\BOOKMARK [3][-]{subsubsection.1.1.1.4}{\376\377\000L\000i\000s\000t\000s}{subsection.1.1.1}% 16
\BOOKMARK [3][-]{subsubsection.1.1.1.5}{\376\377\000C\000o\000d\000e\000\040\000s\000c\000r\000i\000p\000t\000s\000\040\000o\000r\000\040\000t\000e\000r\000m\000i\000n\000a\000l}{subsection.1.1.1}% 17
\BOOKMARK [3][-]{subsubsection.1.1.1.6}{\376\377\000M\000a\000t\000h}{subsection.1.1.1}% 18
\BOOKMARK [1][-]{section.1.2}{\376\377\000P\000r\000e\000s\000e\000n\000t\000a\000t\000i\000o\000n\000\040\000o\000f\000\040\000h\000o\000s\000t\000\040\000o\000r\000g\000a\000n\000i\000z\000a\000t\000i\000o\000n}{chapter.1}% 19
\BOOKMARK [2][-]{subsection.1.2.1}{\376\377\000C\000o\000m\000p\000a\000n\000y\000\040\000O\000v\000e\000r\000v\000i\000e\000w}{section.1.2}% 20
\BOOKMARK [2][-]{subsection.1.2.2}{\376\377\000O\000r\000g\000a\000n\000i\000z\000a\000t\000i\000o\000n\000a\000l\000\040\000C\000h\000a\000r\000t}{section.1.2}% 21
\BOOKMARK [1][-]{section.1.3}{\376\377\000P\000r\000e\000s\000e\000n\000t\000a\000t\000i\000o\000n\000\040\000o\000f\000\040\000t\000h\000e\000\040\000p\000r\000o\000j\000e\000c\000t}{chapter.1}% 22
\BOOKMARK [2][-]{subsection.1.3.1}{\376\377\000P\000r\000o\000j\000e\000c\000t\000\040\000F\000r\000a\000m\000e\000w\000o\000r\000k}{section.1.3}% 23
\BOOKMARK [2][-]{subsection.1.3.2}{\376\377\000P\000r\000o\000j\000e\000c\000t\000\040\000o\000b\000j\000e\000c\000t\000i\000v\000e\000s}{section.1.3}% 24
\BOOKMARK [2][-]{subsection.1.3.3}{\376\377\000P\000r\000o\000j\000e\000c\000t\000\040\000P\000l\000a\000n\000n\000i\000n\000g}{section.1.3}% 25
\BOOKMARK [0][-]{chapter.2}{\376\377\000C\000h\000a\000p\000t\000e\000r\000\040\0002\000\040\000t\000i\000t\000l\000e}{}% 26
\BOOKMARK [1][-]{section.2.1}{\376\377\000S\000e\000c\000t\000i\000o\000n\0001}{chapter.2}% 27
\BOOKMARK [2][-]{subsection.2.1.1}{\376\377\000S\000u\000b\000s\000e\000c\000t\000i\000o\000n\0001}{section.2.1}% 28
\BOOKMARK [2][-]{subsection.2.1.2}{\376\377\000S\000u\000b\000s\000e\000c\000t\000i\000o\000n\0002}{section.2.1}% 29
\BOOKMARK [3][-]{subsubsection.2.1.2.1}{\376\377\000S\000u\000b\000s\000u\000b\000s\000e\000c\000t\000i\000o\000n\0001}{subsection.2.1.2}% 30
\BOOKMARK [3][-]{subsubsection.2.1.2.2}{\376\377\000S\000u\000b\000s\000u\000b\000s\000e\000c\000t\000i\000o\000n\0002}{subsection.2.1.2}% 31
\BOOKMARK [4][-]{paragraph.2.1.2.2.1}{\376\377\000P\000a\000r\000a\000g\000r\000a\000p\000h\000\040\000a}{subsubsection.2.1.2.2}% 32
\BOOKMARK [4][-]{paragraph.2.1.2.2.2}{\376\377\000P\000a\000r\000a\000g\000r\000a\000p\000h\000\040\000b}{subsubsection.2.1.2.2}% 33
\BOOKMARK [1][-]{section.2.2}{\376\377\000S\000e\000c\000t\000i\000o\000n\0002}{chapter.2}% 34
\BOOKMARK [2][-]{subsection.2.2.1}{\376\377\000S\000u\000b\000s\000e\000c\000t\000i\000o\000n\0001}{section.2.2}% 35
\BOOKMARK [2][-]{subsection.2.2.2}{\376\377\000S\000u\000b\000s\000e\000c\000t\000i\000o\000n\0002}{section.2.2}% 36
\BOOKMARK [3][-]{subsubsection.2.2.2.1}{\376\377\000S\000u\000b\000s\000u\000b\000s\000e\000c\000t\000i\000o\000n\0001}{subsection.2.2.2}% 37
\BOOKMARK [3][-]{subsubsection.2.2.2.2}{\376\377\000S\000u\000b\000s\000u\000b\000s\000e\000c\000t\000i\000o\000n\0002}{subsection.2.2.2}% 38
\BOOKMARK [4][-]{paragraph.2.2.2.2.1}{\376\377\000P\000a\000r\000a\000g\000r\000a\000p\000h\000\040\000a}{subsubsection.2.2.2.2}% 39
\BOOKMARK [4][-]{paragraph.2.2.2.2.2}{\376\377\000P\000a\000r\000a\000g\000r\000a\000p\000h\000\040\000b}{subsubsection.2.2.2.2}% 40
\BOOKMARK [0][-]{chapter.3}{\376\377\000C\000h\000a\000p\000t\000e\000r\000\040\0003\000\040\000t\000i\000t\000l\000e}{}% 41
\BOOKMARK [1][-]{section.3.1}{\376\377\000S\000e\000c\000t\000i\000o\000n\0001}{chapter.3}% 42
\BOOKMARK [2][-]{subsection.3.1.1}{\376\377\000S\000u\000b\000s\000e\000c\000t\000i\000o\000n\0001}{section.3.1}% 43
\BOOKMARK [2][-]{subsection.3.1.2}{\376\377\000S\000u\000b\000s\000e\000c\000t\000i\000o\000n\0002}{section.3.1}% 44
\BOOKMARK [3][-]{subsubsection.3.1.2.1}{\376\377\000S\000u\000b\000s\000u\000b\000s\000e\000c\000t\000i\000o\000n\0001}{subsection.3.1.2}% 45
\BOOKMARK [3][-]{subsubsection.3.1.2.2}{\376\377\000S\000u\000b\000s\000u\000b\000s\000e\000c\000t\000i\000o\000n\0002}{subsection.3.1.2}% 46
\BOOKMARK [4][-]{paragraph.3.1.2.2.1}{\376\377\000P\000a\000r\000a\000g\000r\000a\000p\000h\000\040\000a}{subsubsection.3.1.2.2}% 47
\BOOKMARK [4][-]{paragraph.3.1.2.2.2}{\376\377\000P\000a\000r\000a\000g\000r\000a\000p\000h\000\040\000b}{subsubsection.3.1.2.2}% 48
\BOOKMARK [1][-]{section.3.2}{\376\377\000S\000e\000c\000t\000i\000o\000n\0002}{chapter.3}% 49
\BOOKMARK [2][-]{subsection.3.2.1}{\376\377\000S\000u\000b\000s\000e\000c\000t\000i\000o\000n\0001}{section.3.2}% 50
\BOOKMARK [2][-]{subsection.3.2.2}{\376\377\000S\000u\000b\000s\000e\000c\000t\000i\000o\000n\0002}{section.3.2}% 51
\BOOKMARK [3][-]{subsubsection.3.2.2.1}{\376\377\000S\000u\000b\000s\000u\000b\000s\000e\000c\000t\000i\000o\000n\0001}{subsection.3.2.2}% 52
\BOOKMARK [3][-]{subsubsection.3.2.2.2}{\376\377\000S\000u\000b\000s\000u\000b\000s\000e\000c\000t\000i\000o\000n\0002}{subsection.3.2.2}% 53
\BOOKMARK [4][-]{paragraph.3.2.2.2.1}{\376\377\000P\000a\000r\000a\000g\000r\000a\000p\000h\000\040\000a}{subsubsection.3.2.2.2}% 54
\BOOKMARK [4][-]{paragraph.3.2.2.2.2}{\376\377\000P\000a\000r\000a\000g\000r\000a\000p\000h\000\040\000b}{subsubsection.3.2.2.2}% 55
\BOOKMARK [0][-]{chapter.4}{\376\377\000C\000h\000a\000p\000t\000e\000r\000\040\0004\000\040\000t\000i\000t\000l\000e}{}% 56
\BOOKMARK [1][-]{section.4.1}{\376\377\000S\000e\000c\000t\000i\000o\000n\0001}{chapter.4}% 57
\BOOKMARK [2][-]{subsection.4.1.1}{\376\377\000S\000u\000b\000s\000e\000c\000t\000i\000o\000n\0001}{section.4.1}% 58
\BOOKMARK [2][-]{subsection.4.1.2}{\376\377\000S\000u\000b\000s\000e\000c\000t\000i\000o\000n\0002}{section.4.1}% 59
\BOOKMARK [3][-]{subsubsection.4.1.2.1}{\376\377\000S\000u\000b\000s\000u\000b\000s\000e\000c\000t\000i\000o\000n\0001}{subsection.4.1.2}% 60
\BOOKMARK [3][-]{subsubsection.4.1.2.2}{\376\377\000S\000u\000b\000s\000u\000b\000s\000e\000c\000t\000i\000o\000n\0002}{subsection.4.1.2}% 61
\BOOKMARK [4][-]{paragraph.4.1.2.2.1}{\376\377\000P\000a\000r\000a\000g\000r\000a\000p\000h\000\040\000a}{subsubsection.4.1.2.2}% 62
\BOOKMARK [4][-]{paragraph.4.1.2.2.2}{\376\377\000P\000a\000r\000a\000g\000r\000a\000p\000h\000\040\000b}{subsubsection.4.1.2.2}% 63
\BOOKMARK [1][-]{section.4.2}{\376\377\000S\000e\000c\000t\000i\000o\000n\0002}{chapter.4}% 64
\BOOKMARK [2][-]{subsection.4.2.1}{\376\377\000S\000u\000b\000s\000e\000c\000t\000i\000o\000n\0001}{section.4.2}% 65
\BOOKMARK [2][-]{subsection.4.2.2}{\376\377\000S\000u\000b\000s\000e\000c\000t\000i\000o\000n\0002}{section.4.2}% 66
\BOOKMARK [3][-]{subsubsection.4.2.2.1}{\376\377\000S\000u\000b\000s\000u\000b\000s\000e\000c\000t\000i\000o\000n\0001}{subsection.4.2.2}% 67
\BOOKMARK [3][-]{subsubsection.4.2.2.2}{\376\377\000S\000u\000b\000s\000u\000b\000s\000e\000c\000t\000i\000o\000n\0002}{subsection.4.2.2}% 68
\BOOKMARK [4][-]{paragraph.4.2.2.2.1}{\376\377\000P\000a\000r\000a\000g\000r\000a\000p\000h\000\040\000a}{subsubsection.4.2.2.2}% 69
\BOOKMARK [4][-]{paragraph.4.2.2.2.2}{\376\377\000P\000a\000r\000a\000g\000r\000a\000p\000h\000\040\000b}{subsubsection.4.2.2.2}% 70
\BOOKMARK [0][-]{chapter.5}{\376\377\000C\000h\000a\000p\000t\000e\000r\000\040\0005\000\040\000t\000i\000t\000l\000e}{}% 71
\BOOKMARK [1][-]{section.5.1}{\376\377\000S\000e\000c\000t\000i\000o\000n\0001}{chapter.5}% 72
\BOOKMARK [2][-]{subsection.5.1.1}{\376\377\000S\000u\000b\000s\000e\000c\000t\000i\000o\000n\0001}{section.5.1}% 73
\BOOKMARK [2][-]{subsection.5.1.2}{\376\377\000S\000u\000b\000s\000e\000c\000t\000i\000o\000n\0002}{section.5.1}% 74
\BOOKMARK [3][-]{subsubsection.5.1.2.1}{\376\377\000S\000u\000b\000s\000u\000b\000s\000e\000c\000t\000i\000o\000n\0001}{subsection.5.1.2}% 75
\BOOKMARK [3][-]{subsubsection.5.1.2.2}{\376\377\000S\000u\000b\000s\000u\000b\000s\000e\000c\000t\000i\000o\000n\0002}{subsection.5.1.2}% 76
\BOOKMARK [4][-]{paragraph.5.1.2.2.1}{\376\377\000P\000a\000r\000a\000g\000r\000a\000p\000h\000\040\000a}{subsubsection.5.1.2.2}% 77
\BOOKMARK [4][-]{paragraph.5.1.2.2.2}{\376\377\000P\000a\000r\000a\000g\000r\000a\000p\000h\000\040\000b}{subsubsection.5.1.2.2}% 78
\BOOKMARK [1][-]{section.5.2}{\376\377\000S\000e\000c\000t\000i\000o\000n\0002}{chapter.5}% 79
\BOOKMARK [2][-]{subsection.5.2.1}{\376\377\000S\000u\000b\000s\000e\000c\000t\000i\000o\000n\0001}{section.5.2}% 80
\BOOKMARK [2][-]{subsection.5.2.2}{\376\377\000S\000u\000b\000s\000e\000c\000t\000i\000o\000n\0002}{section.5.2}% 81
\BOOKMARK [3][-]{subsubsection.5.2.2.1}{\376\377\000S\000u\000b\000s\000u\000b\000s\000e\000c\000t\000i\000o\000n\0001}{subsection.5.2.2}% 82
\BOOKMARK [3][-]{subsubsection.5.2.2.2}{\376\377\000S\000u\000b\000s\000u\000b\000s\000e\000c\000t\000i\000o\000n\0002}{subsection.5.2.2}% 83
\BOOKMARK [4][-]{paragraph.5.2.2.2.1}{\376\377\000P\000a\000r\000a\000g\000r\000a\000p\000h\000\040\000a}{subsubsection.5.2.2.2}% 84
\BOOKMARK [4][-]{paragraph.5.2.2.2.2}{\376\377\000P\000a\000r\000a\000g\000r\000a\000p\000h\000\040\000b}{subsubsection.5.2.2.2}% 85
\BOOKMARK [0][-]{chapter*.16}{\376\377\000G\000e\000n\000e\000r\000a\000l\000\040\000C\000o\000n\000c\000l\000u\000s\000i\000o\000n\000\040\000a\000n\000d\000\040\000P\000e\000r\000s\000p\000e\000c\000t\000i\000v\000e\000s}{}% 86
\BOOKMARK [0][-]{appendix.A}{\376\377\000G\000l\000o\000s\000s\000a\000r\000y}{}% 87
\BOOKMARK [0][-]{appendix.B}{\376\377\000A\000c\000r\000o\000n\000y\000m\000s}{}% 88
\BOOKMARK [0][-]{appendix.C}{\376\377\000S\000o\000m\000e\000\040\000s\000u\000b\000j\000e\000c\000t\000\040\000y\000o\000u\000\040\000w\000a\000n\000t\000\040\000t\000o\000\040\000e\000x\000p\000a\000n\000d\000\040\000o\000n}{}% 89
\BOOKMARK [0][-]{appendix*.18}{\376\377\000B\000i\000b\000l\000i\000o\000g\000r\000a\000p\000h\000y}{}% 90
